<?xml version="1.0" encoding="UTF-8"?>
<testsuite name="StringUtilTest" tests="1" skipped="0" failures="0" errors="0" timestamp="2021-02-21T20:10:42" hostname="ko" time="0.018">
  <properties/>
  <testcase name="splitStringIntoSubstring()" classname="StringUtilTest" time="0.018"/>
  <system-out><![CDATA[]]></system-out>
  <system-err><![CDATA[]]></system-err>
</testsuite>
